<?xml version="1.0" encoding="UTF-8"?>
<testsuite xmlns:xsi="http://www.w3.org/2001/XMLSchema-instance" xsi:noNamespaceSchemaLocation="https://maven.apache.org/surefire/maven-surefire-plugin/xsd/surefire-test-report.xsd" name="TestSuite" time="35.161" tests="5" errors="0" skipped="0" failures="0">
  <properties>
    <property name="java.specification.version" value="17"/>
    <property name="sun.cpu.isalist" value="amd64"/>
    <property name="sun.jnu.encoding" value="Cp1252"/>
    <property name="java.class.path" value="C:\Users\dell\eclipse-workspace1\Manipal_TestNG\target\test-classes;C:\Users\dell\eclipse-workspace1\Manipal_TestNG\target\classes;C:\Users\dell\.m2\repository\junit\junit\4.11\junit-4.11.jar;C:\Users\dell\.m2\repository\org\hamcrest\hamcrest-core\1.3\hamcrest-core-1.3.jar;C:\Users\dell\.m2\repository\org\apache\logging\log4j\log4j-api\2.20.0\log4j-api-2.20.0.jar;C:\Users\dell\.m2\repository\org\apache\logging\log4j\log4j-core\2.20.0\log4j-core-2.20.0.jar;C:\Users\dell\.m2\repository\org\apache\logging\log4j\log4j-slf4j-impl\2.20.0\log4j-slf4j-impl-2.20.0.jar;C:\Users\dell\.m2\repository\org\slf4j\slf4j-api\1.7.25\slf4j-api-1.7.25.jar;C:\Users\dell\.m2\repository\org\apache\poi\poi-ooxml-schemas\4.0.1\poi-ooxml-schemas-4.0.1.jar;C:\Users\dell\.m2\repository\org\apache\xmlbeans\xmlbeans\3.0.2\xmlbeans-3.0.2.jar;C:\Users\dell\.m2\repository\org\apache\poi\poi-ooxml\4.0.1\poi-ooxml-4.0.1.jar;C:\Users\dell\.m2\repository\org\apache\commons\commons-compress\1.18\commons-compress-1.18.jar;C:\Users\dell\.m2\repository\com\github\virtuald\curvesapi\1.05\curvesapi-1.05.jar;C:\Users\dell\.m2\repository\org\apache\poi\poi\4.0.1\poi-4.0.1.jar;C:\Users\dell\.m2\repository\commons-codec\commons-codec\1.11\commons-codec-1.11.jar;C:\Users\dell\.m2\repository\org\apache\commons\commons-collections4\4.2\commons-collections4-4.2.jar;C:\Users\dell\.m2\repository\org\apache\commons\commons-math3\3.6.1\commons-math3-3.6.1.jar;C:\Users\dell\.m2\repository\org\seleniumhq\selenium\selenium-java\4.17.0\selenium-java-4.17.0.jar;C:\Users\dell\.m2\repository\org\seleniumhq\selenium\selenium-api\4.17.0\selenium-api-4.17.0.jar;C:\Users\dell\.m2\repository\org\seleniumhq\selenium\selenium-chrome-driver\4.17.0\selenium-chrome-driver-4.17.0.jar;C:\Users\dell\.m2\repository\com\google\auto\service\auto-service-annotations\1.1.1\auto-service-annotations-1.1.1.jar;C:\Users\dell\.m2\repository\org\seleniumhq\selenium\selenium-chromium-driver\4.17.0\selenium-chromium-driver-4.17.0.jar;C:\Users\dell\.m2\repository\org\seleniumhq\selenium\selenium-json\4.17.0\selenium-json-4.17.0.jar;C:\Users\dell\.m2\repository\org\seleniumhq\selenium\selenium-manager\4.17.0\selenium-manager-4.17.0.jar;C:\Users\dell\.m2\repository\org\seleniumhq\selenium\selenium-devtools-v119\4.17.0\selenium-devtools-v119-4.17.0.jar;C:\Users\dell\.m2\repository\org\seleniumhq\selenium\selenium-devtools-v120\4.17.0\selenium-devtools-v120-4.17.0.jar;C:\Users\dell\.m2\repository\org\seleniumhq\selenium\selenium-devtools-v121\4.17.0\selenium-devtools-v121-4.17.0.jar;C:\Users\dell\.m2\repository\org\seleniumhq\selenium\selenium-devtools-v85\4.17.0\selenium-devtools-v85-4.17.0.jar;C:\Users\dell\.m2\repository\org\seleniumhq\selenium\selenium-edge-driver\4.17.0\selenium-edge-driver-4.17.0.jar;C:\Users\dell\.m2\repository\org\seleniumhq\selenium\selenium-firefox-driver\4.17.0\selenium-firefox-driver-4.17.0.jar;C:\Users\dell\.m2\repository\org\seleniumhq\selenium\selenium-http\4.17.0\selenium-http-4.17.0.jar;C:\Users\dell\.m2\repository\dev\failsafe\failsafe\3.3.2\failsafe-3.3.2.jar;C:\Users\dell\.m2\repository\org\seleniumhq\selenium\selenium-ie-driver\4.17.0\selenium-ie-driver-4.17.0.jar;C:\Users\dell\.m2\repository\org\seleniumhq\selenium\selenium-remote-driver\4.17.0\selenium-remote-driver-4.17.0.jar;C:\Users\dell\.m2\repository\com\google\guava\guava\33.0.0-jre\guava-33.0.0-jre.jar;C:\Users\dell\.m2\repository\com\google\guava\failureaccess\1.0.2\failureaccess-1.0.2.jar;C:\Users\dell\.m2\repository\com\google\guava\listenablefuture\9999.0-empty-to-avoid-conflict-with-guava\listenablefuture-9999.0-empty-to-avoid-conflict-with-guava.jar;C:\Users\dell\.m2\repository\com\google\code\findbugs\jsr305\3.0.2\jsr305-3.0.2.jar;C:\Users\dell\.m2\repository\org\checkerframework\checker-qual\3.41.0\checker-qual-3.41.0.jar;C:\Users\dell\.m2\repository\com\google\errorprone\error_prone_annotations\2.23.0\error_prone_annotations-2.23.0.jar;C:\Users\dell\.m2\repository\com\google\j2objc\j2objc-annotations\2.8\j2objc-annotations-2.8.jar;C:\Users\dell\.m2\repository\io\opentelemetry\semconv\opentelemetry-semconv\1.23.1-alpha\opentelemetry-semconv-1.23.1-alpha.jar;C:\Users\dell\.m2\repository\io\opentelemetry\opentelemetry-api\1.34.1\opentelemetry-api-1.34.1.jar;C:\Users\dell\.m2\repository\io\opentelemetry\opentelemetry-context\1.34.1\opentelemetry-context-1.34.1.jar;C:\Users\dell\.m2\repository\io\opentelemetry\opentelemetry-exporter-logging\1.34.1\opentelemetry-exporter-logging-1.34.1.jar;C:\Users\dell\.m2\repository\io\opentelemetry\opentelemetry-sdk-common\1.34.1\opentelemetry-sdk-common-1.34.1.jar;C:\Users\dell\.m2\repository\io\opentelemetry\opentelemetry-sdk-extension-autoconfigure-spi\1.34.1\opentelemetry-sdk-extension-autoconfigure-spi-1.34.1.jar;C:\Users\dell\.m2\repository\io\opentelemetry\opentelemetry-sdk-extension-autoconfigure\1.34.1\opentelemetry-sdk-extension-autoconfigure-1.34.1.jar;C:\Users\dell\.m2\repository\io\opentelemetry\opentelemetry-api-events\1.34.1-alpha\opentelemetry-api-events-1.34.1-alpha.jar;C:\Users\dell\.m2\repository\io\opentelemetry\opentelemetry-sdk-trace\1.34.1\opentelemetry-sdk-trace-1.34.1.jar;C:\Users\dell\.m2\repository\io\opentelemetry\opentelemetry-sdk\1.34.1\opentelemetry-sdk-1.34.1.jar;C:\Users\dell\.m2\repository\io\opentelemetry\opentelemetry-sdk-metrics\1.34.1\opentelemetry-sdk-metrics-1.34.1.jar;C:\Users\dell\.m2\repository\io\opentelemetry\opentelemetry-extension-incubator\1.34.1-alpha\opentelemetry-extension-incubator-1.34.1-alpha.jar;C:\Users\dell\.m2\repository\io\opentelemetry\opentelemetry-sdk-logs\1.34.1\opentelemetry-sdk-logs-1.34.1.jar;C:\Users\dell\.m2\repository\net\bytebuddy\byte-buddy\1.14.11\byte-buddy-1.14.11.jar;C:\Users\dell\.m2\repository\org\seleniumhq\selenium\selenium-os\4.17.0\selenium-os-4.17.0.jar;C:\Users\dell\.m2\repository\org\apache\commons\commons-exec\1.3\commons-exec-1.3.jar;C:\Users\dell\.m2\repository\org\seleniumhq\selenium\selenium-safari-driver\4.17.0\selenium-safari-driver-4.17.0.jar;C:\Users\dell\.m2\repository\org\seleniumhq\selenium\selenium-support\4.17.0\selenium-support-4.17.0.jar;C:\Users\dell\.m2\repository\org\testng\testng\7.7.0\testng-7.7.0.jar;C:\Users\dell\.m2\repository\com\beust\jcommander\1.82\jcommander-1.82.jar;C:\Users\dell\.m2\repository\org\webjars\jquery\3.6.1\jquery-3.6.1.jar;C:\Users\dell\.m2\repository\io\github\bonigarcia\webdrivermanager\5.5.0\webdrivermanager-5.5.0.jar;C:\Users\dell\.m2\repository\com\google\code\gson\gson\2.10.1\gson-2.10.1.jar;C:\Users\dell\.m2\repository\com\github\docker-java\docker-java\3.3.3\docker-java-3.3.3.jar;C:\Users\dell\.m2\repository\com\github\docker-java\docker-java-core\3.3.3\docker-java-core-3.3.3.jar;C:\Users\dell\.m2\repository\com\github\docker-java\docker-java-api\3.3.3\docker-java-api-3.3.3.jar;C:\Users\dell\.m2\repository\com\fasterxml\jackson\core\jackson-annotations\2.10.3\jackson-annotations-2.10.3.jar;C:\Users\dell\.m2\repository\commons-io\commons-io\2.6\commons-io-2.6.jar;C:\Users\dell\.m2\repository\com\fasterxml\jackson\core\jackson-databind\2.10.3\jackson-databind-2.10.3.jar;C:\Users\dell\.m2\repository\com\fasterxml\jackson\core\jackson-core\2.10.3\jackson-core-2.10.3.jar;C:\Users\dell\.m2\repository\org\bouncycastle\bcpkix-jdk18on\1.75\bcpkix-jdk18on-1.75.jar;C:\Users\dell\.m2\repository\org\bouncycastle\bcprov-jdk18on\1.75\bcprov-jdk18on-1.75.jar;C:\Users\dell\.m2\repository\org\bouncycastle\bcutil-jdk18on\1.75\bcutil-jdk18on-1.75.jar;C:\Users\dell\.m2\repository\org\slf4j\jcl-over-slf4j\1.7.30\jcl-over-slf4j-1.7.30.jar;C:\Users\dell\.m2\repository\com\github\docker-java\docker-java-transport-httpclient5\3.3.3\docker-java-transport-httpclient5-3.3.3.jar;C:\Users\dell\.m2\repository\com\github\docker-java\docker-java-transport\3.3.3\docker-java-transport-3.3.3.jar;C:\Users\dell\.m2\repository\net\java\dev\jna\jna\5.12.1\jna-5.12.1.jar;C:\Users\dell\.m2\repository\org\brotli\dec\0.1.2\dec-0.1.2.jar;C:\Users\dell\.m2\repository\org\apache\commons\commons-lang3\3.13.0\commons-lang3-3.13.0.jar;C:\Users\dell\.m2\repository\org\apache\httpcomponents\client5\httpclient5\5.2.1\httpclient5-5.2.1.jar;C:\Users\dell\.m2\repository\org\apache\httpcomponents\core5\httpcore5\5.2\httpcore5-5.2.jar;C:\Users\dell\.m2\repository\org\apache\httpcomponents\core5\httpcore5-h2\5.2\httpcore5-h2-5.2.jar;"/>
    <property name="java.vm.vendor" value="Oracle Corporation"/>
    <property name="sun.arch.data.model" value="64"/>
    <property name="user.variant" value=""/>
    <property name="java.vendor.url" value="https://java.oracle.com/"/>
    <property name="user.timezone" value="Asia/Calcutta"/>
    <property name="os.name" value="Windows 10"/>
    <property name="java.vm.specification.version" value="17"/>
    <property name="sun.java.launcher" value="SUN_STANDARD"/>
    <property name="user.country" value="IN"/>
    <property name="sun.boot.library.path" value="C:\Program Files\Java\jdk-17.0.4.1\bin"/>
    <property name="sun.java.command" value="C:\Users\dell\AppData\Local\Temp\surefire11512232771664882482\surefirebooter13992524248411855108.jar C:\Users\dell\AppData\Local\Temp\surefire11512232771664882482 2024-03-01T09-55-46_016-jvmRun1 surefire12025681077043775870tmp surefire_09357222824706736212tmp"/>
    <property name="jdk.debug" value="release"/>
    <property name="surefire.test.class.path" value="C:\Users\dell\eclipse-workspace1\Manipal_TestNG\target\test-classes;C:\Users\dell\eclipse-workspace1\Manipal_TestNG\target\classes;C:\Users\dell\.m2\repository\junit\junit\4.11\junit-4.11.jar;C:\Users\dell\.m2\repository\org\hamcrest\hamcrest-core\1.3\hamcrest-core-1.3.jar;C:\Users\dell\.m2\repository\org\apache\logging\log4j\log4j-api\2.20.0\log4j-api-2.20.0.jar;C:\Users\dell\.m2\repository\org\apache\logging\log4j\log4j-core\2.20.0\log4j-core-2.20.0.jar;C:\Users\dell\.m2\repository\org\apache\logging\log4j\log4j-slf4j-impl\2.20.0\log4j-slf4j-impl-2.20.0.jar;C:\Users\dell\.m2\repository\org\slf4j\slf4j-api\1.7.25\slf4j-api-1.7.25.jar;C:\Users\dell\.m2\repository\org\apache\poi\poi-ooxml-schemas\4.0.1\poi-ooxml-schemas-4.0.1.jar;C:\Users\dell\.m2\repository\org\apache\xmlbeans\xmlbeans\3.0.2\xmlbeans-3.0.2.jar;C:\Users\dell\.m2\repository\org\apache\poi\poi-ooxml\4.0.1\poi-ooxml-4.0.1.jar;C:\Users\dell\.m2\repository\org\apache\commons\commons-compress\1.18\commons-compress-1.18.jar;C:\Users\dell\.m2\repository\com\github\virtuald\curvesapi\1.05\curvesapi-1.05.jar;C:\Users\dell\.m2\repository\org\apache\poi\poi\4.0.1\poi-4.0.1.jar;C:\Users\dell\.m2\repository\commons-codec\commons-codec\1.11\commons-codec-1.11.jar;C:\Users\dell\.m2\repository\org\apache\commons\commons-collections4\4.2\commons-collections4-4.2.jar;C:\Users\dell\.m2\repository\org\apache\commons\commons-math3\3.6.1\commons-math3-3.6.1.jar;C:\Users\dell\.m2\repository\org\seleniumhq\selenium\selenium-java\4.17.0\selenium-java-4.17.0.jar;C:\Users\dell\.m2\repository\org\seleniumhq\selenium\selenium-api\4.17.0\selenium-api-4.17.0.jar;C:\Users\dell\.m2\repository\org\seleniumhq\selenium\selenium-chrome-driver\4.17.0\selenium-chrome-driver-4.17.0.jar;C:\Users\dell\.m2\repository\com\google\auto\service\auto-service-annotations\1.1.1\auto-service-annotations-1.1.1.jar;C:\Users\dell\.m2\repository\org\seleniumhq\selenium\selenium-chromium-driver\4.17.0\selenium-chromium-driver-4.17.0.jar;C:\Users\dell\.m2\repository\org\seleniumhq\selenium\selenium-json\4.17.0\selenium-json-4.17.0.jar;C:\Users\dell\.m2\repository\org\seleniumhq\selenium\selenium-manager\4.17.0\selenium-manager-4.17.0.jar;C:\Users\dell\.m2\repository\org\seleniumhq\selenium\selenium-devtools-v119\4.17.0\selenium-devtools-v119-4.17.0.jar;C:\Users\dell\.m2\repository\org\seleniumhq\selenium\selenium-devtools-v120\4.17.0\selenium-devtools-v120-4.17.0.jar;C:\Users\dell\.m2\repository\org\seleniumhq\selenium\selenium-devtools-v121\4.17.0\selenium-devtools-v121-4.17.0.jar;C:\Users\dell\.m2\repository\org\seleniumhq\selenium\selenium-devtools-v85\4.17.0\selenium-devtools-v85-4.17.0.jar;C:\Users\dell\.m2\repository\org\seleniumhq\selenium\selenium-edge-driver\4.17.0\selenium-edge-driver-4.17.0.jar;C:\Users\dell\.m2\repository\org\seleniumhq\selenium\selenium-firefox-driver\4.17.0\selenium-firefox-driver-4.17.0.jar;C:\Users\dell\.m2\repository\org\seleniumhq\selenium\selenium-http\4.17.0\selenium-http-4.17.0.jar;C:\Users\dell\.m2\repository\dev\failsafe\failsafe\3.3.2\failsafe-3.3.2.jar;C:\Users\dell\.m2\repository\org\seleniumhq\selenium\selenium-ie-driver\4.17.0\selenium-ie-driver-4.17.0.jar;C:\Users\dell\.m2\repository\org\seleniumhq\selenium\selenium-remote-driver\4.17.0\selenium-remote-driver-4.17.0.jar;C:\Users\dell\.m2\repository\com\google\guava\guava\33.0.0-jre\guava-33.0.0-jre.jar;C:\Users\dell\.m2\repository\com\google\guava\failureaccess\1.0.2\failureaccess-1.0.2.jar;C:\Users\dell\.m2\repository\com\google\guava\listenablefuture\9999.0-empty-to-avoid-conflict-with-guava\listenablefuture-9999.0-empty-to-avoid-conflict-with-guava.jar;C:\Users\dell\.m2\repository\com\google\code\findbugs\jsr305\3.0.2\jsr305-3.0.2.jar;C:\Users\dell\.m2\repository\org\checkerframework\checker-qual\3.41.0\checker-qual-3.41.0.jar;C:\Users\dell\.m2\repository\com\google\errorprone\error_prone_annotations\2.23.0\error_prone_annotations-2.23.0.jar;C:\Users\dell\.m2\repository\com\google\j2objc\j2objc-annotations\2.8\j2objc-annotations-2.8.jar;C:\Users\dell\.m2\repository\io\opentelemetry\semconv\opentelemetry-semconv\1.23.1-alpha\opentelemetry-semconv-1.23.1-alpha.jar;C:\Users\dell\.m2\repository\io\opentelemetry\opentelemetry-api\1.34.1\opentelemetry-api-1.34.1.jar;C:\Users\dell\.m2\repository\io\opentelemetry\opentelemetry-context\1.34.1\opentelemetry-context-1.34.1.jar;C:\Users\dell\.m2\repository\io\opentelemetry\opentelemetry-exporter-logging\1.34.1\opentelemetry-exporter-logging-1.34.1.jar;C:\Users\dell\.m2\repository\io\opentelemetry\opentelemetry-sdk-common\1.34.1\opentelemetry-sdk-common-1.34.1.jar;C:\Users\dell\.m2\repository\io\opentelemetry\opentelemetry-sdk-extension-autoconfigure-spi\1.34.1\opentelemetry-sdk-extension-autoconfigure-spi-1.34.1.jar;C:\Users\dell\.m2\repository\io\opentelemetry\opentelemetry-sdk-extension-autoconfigure\1.34.1\opentelemetry-sdk-extension-autoconfigure-1.34.1.jar;C:\Users\dell\.m2\repository\io\opentelemetry\opentelemetry-api-events\1.34.1-alpha\opentelemetry-api-events-1.34.1-alpha.jar;C:\Users\dell\.m2\repository\io\opentelemetry\opentelemetry-sdk-trace\1.34.1\opentelemetry-sdk-trace-1.34.1.jar;C:\Users\dell\.m2\repository\io\opentelemetry\opentelemetry-sdk\1.34.1\opentelemetry-sdk-1.34.1.jar;C:\Users\dell\.m2\repository\io\opentelemetry\opentelemetry-sdk-metrics\1.34.1\opentelemetry-sdk-metrics-1.34.1.jar;C:\Users\dell\.m2\repository\io\opentelemetry\opentelemetry-extension-incubator\1.34.1-alpha\opentelemetry-extension-incubator-1.34.1-alpha.jar;C:\Users\dell\.m2\repository\io\opentelemetry\opentelemetry-sdk-logs\1.34.1\opentelemetry-sdk-logs-1.34.1.jar;C:\Users\dell\.m2\repository\net\bytebuddy\byte-buddy\1.14.11\byte-buddy-1.14.11.jar;C:\Users\dell\.m2\repository\org\seleniumhq\selenium\selenium-os\4.17.0\selenium-os-4.17.0.jar;C:\Users\dell\.m2\repository\org\apache\commons\commons-exec\1.3\commons-exec-1.3.jar;C:\Users\dell\.m2\repository\org\seleniumhq\selenium\selenium-safari-driver\4.17.0\selenium-safari-driver-4.17.0.jar;C:\Users\dell\.m2\repository\org\seleniumhq\selenium\selenium-support\4.17.0\selenium-support-4.17.0.jar;C:\Users\dell\.m2\repository\org\testng\testng\7.7.0\testng-7.7.0.jar;C:\Users\dell\.m2\repository\com\beust\jcommander\1.82\jcommander-1.82.jar;C:\Users\dell\.m2\repository\org\webjars\jquery\3.6.1\jquery-3.6.1.jar;C:\Users\dell\.m2\repository\io\github\bonigarcia\webdrivermanager\5.5.0\webdrivermanager-5.5.0.jar;C:\Users\dell\.m2\repository\com\google\code\gson\gson\2.10.1\gson-2.10.1.jar;C:\Users\dell\.m2\repository\com\github\docker-java\docker-java\3.3.3\docker-java-3.3.3.jar;C:\Users\dell\.m2\repository\com\github\docker-java\docker-java-core\3.3.3\docker-java-core-3.3.3.jar;C:\Users\dell\.m2\repository\com\github\docker-java\docker-java-api\3.3.3\docker-java-api-3.3.3.jar;C:\Users\dell\.m2\repository\com\fasterxml\jackson\core\jackson-annotations\2.10.3\jackson-annotations-2.10.3.jar;C:\Users\dell\.m2\repository\commons-io\commons-io\2.6\commons-io-2.6.jar;C:\Users\dell\.m2\repository\com\fasterxml\jackson\core\jackson-databind\2.10.3\jackson-databind-2.10.3.jar;C:\Users\dell\.m2\repository\com\fasterxml\jackson\core\jackson-core\2.10.3\jackson-core-2.10.3.jar;C:\Users\dell\.m2\repository\org\bouncycastle\bcpkix-jdk18on\1.75\bcpkix-jdk18on-1.75.jar;C:\Users\dell\.m2\repository\org\bouncycastle\bcprov-jdk18on\1.75\bcprov-jdk18on-1.75.jar;C:\Users\dell\.m2\repository\org\bouncycastle\bcutil-jdk18on\1.75\bcutil-jdk18on-1.75.jar;C:\Users\dell\.m2\repository\org\slf4j\jcl-over-slf4j\1.7.30\jcl-over-slf4j-1.7.30.jar;C:\Users\dell\.m2\repository\com\github\docker-java\docker-java-transport-httpclient5\3.3.3\docker-java-transport-httpclient5-3.3.3.jar;C:\Users\dell\.m2\repository\com\github\docker-java\docker-java-transport\3.3.3\docker-java-transport-3.3.3.jar;C:\Users\dell\.m2\repository\net\java\dev\jna\jna\5.12.1\jna-5.12.1.jar;C:\Users\dell\.m2\repository\org\brotli\dec\0.1.2\dec-0.1.2.jar;C:\Users\dell\.m2\repository\org\apache\commons\commons-lang3\3.13.0\commons-lang3-3.13.0.jar;C:\Users\dell\.m2\repository\org\apache\httpcomponents\client5\httpclient5\5.2.1\httpclient5-5.2.1.jar;C:\Users\dell\.m2\repository\org\apache\httpcomponents\core5\httpcore5\5.2\httpcore5-5.2.jar;C:\Users\dell\.m2\repository\org\apache\httpcomponents\core5\httpcore5-h2\5.2\httpcore5-h2-5.2.jar;"/>
    <property name="sun.cpu.endian" value="little"/>
    <property name="user.home" value="C:\Users\dell"/>
    <property name="user.language" value="en"/>
    <property name="java.specification.vendor" value="Oracle Corporation"/>
    <property name="java.version.date" value="2022-08-18"/>
    <property name="java.home" value="C:\Program Files\Java\jdk-17.0.4.1"/>
    <property name="file.separator" value="\"/>
    <property name="style.color" value="always"/>
    <property name="basedir" value="C:\Users\dell\eclipse-workspace1\Manipal_TestNG"/>
    <property name="java.vm.compressedOopsMode" value="32-bit"/>
    <property name="line.separator" value="&#10;"/>
    <property name="java.vm.specification.vendor" value="Oracle Corporation"/>
    <property name="java.specification.name" value="Java Platform API Specification"/>
    <property name="surefire.real.class.path" value="C:\Users\dell\AppData\Local\Temp\surefire11512232771664882482\surefirebooter13992524248411855108.jar"/>
    <property name="user.script" value=""/>
    <property name="sun.management.compiler" value="HotSpot 64-Bit Tiered Compilers"/>
    <property name="java.runtime.version" value="17.0.4.1+1-LTS-2"/>
    <property name="user.name" value="dell"/>
    <property name="path.separator" value=";"/>
    <property name="os.version" value="10.0"/>
    <property name="java.runtime.name" value="Java(TM) SE Runtime Environment"/>
    <property name="file.encoding" value="Cp1252"/>
    <property name="java.vm.name" value="Java HotSpot(TM) 64-Bit Server VM"/>
    <property name="localRepository" value="C:\Users\dell\.m2\repository"/>
    <property name="java.vendor.url.bug" value="https://bugreport.java.com/bugreport/"/>
    <property name="java.io.tmpdir" value="C:\Users\dell\AppData\Local\Temp\"/>
    <property name="java.version" value="17.0.4.1"/>
    <property name="user.dir" value="C:\Users\dell\eclipse-workspace1\Manipal_TestNG"/>
    <property name="os.arch" value="amd64"/>
    <property name="java.vm.specification.name" value="Java Virtual Machine Specification"/>
    <property name="sun.os.patch.level" value=""/>
    <property name="native.encoding" value="Cp1252"/>
    <property name="java.library.path" value="C:\Program Files\Java\jdk-17.0.4.1\bin;C:\Windows\Sun\Java\bin;C:\Windows\system32;C:\Windows;C:/Users/dell/Downloads/eclipse-java-2023-12-R-win32-x86_64/eclipse//plugins/org.eclipse.justj.openjdk.hotspot.jre.full.win32.x86_64_17.0.9.v20231028-0858/jre/bin/server;C:/Users/dell/Downloads/eclipse-java-2023-12-R-win32-x86_64/eclipse//plugins/org.eclipse.justj.openjdk.hotspot.jre.full.win32.x86_64_17.0.9.v20231028-0858/jre/bin;C:\xampp\php;C:\Program Files\Common Files\Oracle\Java\javapath;C:\ProgramData\Oracle\Java\javapath;E:\oracle\product\10.2.0\db_5\bin;C:\oracle1\product\10.2.0\db_3\bin;E:\oracle1\product\10.2.0\db_2\bin;C:\Program Files\Oracle1\product\10.2.0\db_5\bin;E:\oracle\product\10.2.0\db_4\bin;E:\oracle\product\10.2.0\db_1\bin;C:\Program Files (x86)\Common Files\Oracle\Java\javapath;C:\Windows\system32;C:\Windows;C:\Windows\System32\Wbem;C:\Windows\System32\WindowsPowerShell\v1.0\;C:\Windows\System32\OpenSSH\;C:\Program Files (x86)\dotnet\;C:\Program Files\MySQL\MySQL Server 8.0\bin;%JAVA_HOME%\bin;C:\Program Files\maven\apache-maven-3.9.6\bin;C:\Program Files\MySQL\MySQL Shell 8.0\bin\;C:\Program Files\Java\jdk-17.0.4.1\bin;C:\Users\dell\AppData\Local\Programs\Microsoft VS Code\bin;;C:\Users\dell\Downloads\eclipse-java-2023-12-R-win32-x86_64\eclipse;;."/>
    <property name="java.vm.info" value="mixed mode, sharing"/>
    <property name="java.vendor" value="Oracle Corporation"/>
    <property name="java.vm.version" value="17.0.4.1+1-LTS-2"/>
    <property name="sun.io.unicode.encoding" value="UnicodeLittle"/>
    <property name="java.class.version" value="61.0"/>
  </properties>
  <testcase name="addRecord" classname="Manipal.Immegration" time="5.111"/>
  <testcase name="addRecord" classname="Manipal.Immegration" time="5.063"/>
  <testcase name="addRecord" classname="Manipal.Immegration" time="4.537"/>
  <testcase name="InValidAttachment" classname="Manipal.Attachment" time="4.003"/>
  <testcase name="ValidAttachment" classname="Manipal.Attachment" time="4.255"/>
</testsuite>