<?xml version="1.0" encoding="UTF-8"?>
<!-- Generated by org.testng.reporters.JUnitReportReporter -->
<testsuite hostname="KARNA" failures="0" tests="4" name="Manipal.OrangeHrm" time="13.049" errors="0" timestamp="2024-02-29T20:00:54 IST" skipped="0">
  <testcase classname="Manipal.OrangeHrm" name="FindElement" time="4.119"/>
  <system-out/>
  <testcase classname="Manipal.OrangeHrm" name="FindElement" time="1.270"/>
  <system-out/>
  <testcase classname="Manipal.OrangeHrm" name="navigate" time="3.571"/>
  <system-out/>
  <testcase classname="Manipal.OrangeHrm" name="FindElement" time="4.089"/>
  <system-out/>
</testsuite> <!-- Manipal.OrangeHrm -->
