<?xml version="1.0" encoding="UTF-8"?>
<!-- Generated by org.testng.reporters.JUnitReportReporter -->
<testsuite hostname="KARNA" failures="0" tests="2" name="Manipal.annotation" time="1.260" errors="0" timestamp="2024-02-29T09:39:36 IST" skipped="0">
  <testcase classname="Manipal.annotation" name="configLogin1" time="0.040"/>
  <system-out/>
  <testcase classname="Manipal.annotation" name="configLogin" time="1.220"/>
  <system-out/>
</testsuite> <!-- Manipal.annotation -->
