<?xml version="1.0" encoding="UTF-8"?>
<!-- Generated by org.testng.reporters.JUnitReportReporter -->
<testsuite hostname="KARNA" failures="0" tests="2" name="Manipal.Attachment" time="8.363" errors="0" timestamp="2024-03-01T09:54:11 IST" skipped="0">
  <testcase classname="Manipal.Attachment" name="ValidAttachment" time="3.833"/>
  <system-out/>
  <testcase classname="Manipal.Attachment" name="InValidAttachment" time="4.530"/>
  <system-out/>
</testsuite> <!-- Manipal.Attachment -->
