<?xml version="1.0" encoding="UTF-8"?>
<!-- Generated by org.testng.reporters.JUnitReportReporter -->
<testsuite hostname="KARNA" failures="0" tests="3" name="Manipal.Immegration" time="13.545" errors="0" timestamp="2024-03-01T09:40:57 IST" skipped="0">
  <testcase classname="Manipal.Immegration" name="addRecord" time="4.733"/>
  <system-out/>
  <testcase classname="Manipal.Immegration" name="addRecord" time="4.208"/>
  <system-out/>
  <testcase classname="Manipal.Immegration" name="addRecord" time="4.604"/>
  <system-out/>
</testsuite> <!-- Manipal.Immegration -->
