<?xml version="1.0" encoding="UTF-8"?>
<!-- Generated by org.testng.reporters.JUnitReportReporter -->
<testsuite hostname="KARNA" failures="0" tests="4" name="Manipal.annotation" time="13.640" errors="0" timestamp="2024-03-01T08:36:12 IST" skipped="0">
  <testcase classname="Manipal.annotation" name="navigate" time="3.321"/>
  <system-out/>
  <testcase classname="Manipal.annotation" name="addRecord" time="4.410"/>
  <system-out/>
  <testcase classname="Manipal.annotation" name="addRecord" time="1.547"/>
  <system-out/>
  <testcase classname="Manipal.annotation" name="addRecord" time="4.362"/>
  <system-out/>
</testsuite> <!-- Manipal.annotation -->
