<?xml version="1.0" encoding="UTF-8"?>
<!-- Generated by org.testng.reporters.JUnitReportReporter -->
<testsuite hostname="KARNA" failures="0" tests="3" name="Manipal.Immegration" time="14.710" errors="0" timestamp="2024-03-01T09:56:21 IST" skipped="0">
  <testcase classname="Manipal.Immegration" name="addRecord" time="5.109"/>
  <system-out/>
  <testcase classname="Manipal.Immegration" name="addRecord" time="5.064"/>
  <system-out/>
  <testcase classname="Manipal.Immegration" name="addRecord" time="4.537"/>
  <system-out/>
</testsuite> <!-- Manipal.Immegration -->
