<?xml version="1.0" encoding="UTF-8"?>
<!-- Generated by org.testng.reporters.JUnitReportReporter -->
<testsuite hostname="KARNA" failures="0" tests="4" name="Manipal.OrangeHrm" time="14.136" errors="0" timestamp="2024-02-29T19:58:20 IST" skipped="0">
  <testcase classname="Manipal.OrangeHrm" name="FindElement" time="1.467"/>
  <system-out/>
  <testcase classname="Manipal.OrangeHrm" name="FindElement" time="4.522"/>
  <system-out/>
  <testcase classname="Manipal.OrangeHrm" name="FindElement" time="4.164"/>
  <system-out/>
  <testcase classname="Manipal.OrangeHrm" name="navigate" time="3.983"/>
  <system-out/>
</testsuite> <!-- Manipal.OrangeHrm -->
