<?xml version="1.0" encoding="UTF-8"?>
<!-- Generated by org.testng.reporters.JUnitReportReporter -->
<testsuite hostname="KARNA" failures="0" tests="2" name="Manipal.Attachment" time="8.261" errors="0" timestamp="2024-03-01T09:56:21 IST" skipped="0">
  <testcase classname="Manipal.Attachment" name="ValidAttachment" time="4.256"/>
  <system-out/>
  <testcase classname="Manipal.Attachment" name="InValidAttachment" time="4.005"/>
  <system-out/>
</testsuite> <!-- Manipal.Attachment -->
